01:06:42.593 [ApplicationImpl pooled thread 82] INFO  c.b.l.BrowserStackRunExtension - junit
01:06:42.594 [ApplicationImpl pooled thread 82] INFO  com.browserstack.utils.Helpers - null
01:06:42.595 [ApplicationImpl pooled thread 82] INFO  c.b.l.BrowserStackRunExtension - Agent path: null
12:46:12.714 [ApplicationImpl pooled thread 16] INFO  c.b.l.BrowserStackRunExtension - junit
12:46:12.715 [ApplicationImpl pooled thread 16] INFO  com.browserstack.utils.Helpers - null
12:46:12.716 [ApplicationImpl pooled thread 16] INFO  c.b.l.BrowserStackRunExtension - Agent path: null
13:46:49.511 [ApplicationImpl pooled thread 109] INFO  c.b.l.BrowserStackRunExtension - junit
13:46:49.511 [ApplicationImpl pooled thread 109] INFO  com.browserstack.utils.Helpers - null
13:46:49.512 [ApplicationImpl pooled thread 109] INFO  c.b.l.BrowserStackRunExtension - Agent path: null
13:47:51.265 [ApplicationImpl pooled thread 107] INFO  c.b.l.BrowserStackRunExtension - junit
13:47:51.265 [ApplicationImpl pooled thread 107] INFO  com.browserstack.utils.Helpers - null
13:47:51.267 [ApplicationImpl pooled thread 107] INFO  c.b.l.BrowserStackRunExtension - Agent path: null
13:56:09.234 [ApplicationImpl pooled thread 127] INFO  c.b.l.BrowserStackRunExtension - junit
13:56:09.234 [ApplicationImpl pooled thread 127] INFO  com.browserstack.utils.Helpers - null
13:56:09.234 [ApplicationImpl pooled thread 127] INFO  c.b.l.BrowserStackRunExtension - Agent path: null
13:58:47.999 [ApplicationImpl pooled thread 154] INFO  c.b.l.BrowserStackRunExtension - junit
13:58:47.999 [ApplicationImpl pooled thread 154] INFO  com.browserstack.utils.Helpers - null
13:58:48.000 [ApplicationImpl pooled thread 154] INFO  c.b.l.BrowserStackRunExtension - Agent path: null
14:00:47.167 [ApplicationImpl pooled thread 154] INFO  c.b.l.BrowserStackRunExtension - junit
14:00:47.167 [ApplicationImpl pooled thread 154] INFO  com.browserstack.utils.Helpers - null
14:00:47.169 [ApplicationImpl pooled thread 154] INFO  c.b.l.BrowserStackRunExtension - Agent path: null
14:02:07.626 [ApplicationImpl pooled thread 156] INFO  c.b.l.BrowserStackRunExtension - junit
14:02:07.626 [ApplicationImpl pooled thread 156] INFO  com.browserstack.utils.Helpers - null
14:02:07.627 [ApplicationImpl pooled thread 156] INFO  c.b.l.BrowserStackRunExtension - Agent path: null
14:04:56.253 [ApplicationImpl pooled thread 178] INFO  c.b.l.BrowserStackRunExtension - junit
14:04:56.253 [ApplicationImpl pooled thread 178] INFO  com.browserstack.utils.Helpers - null
14:04:56.254 [ApplicationImpl pooled thread 178] INFO  c.b.l.BrowserStackRunExtension - Agent path: null
14:07:28.760 [ApplicationImpl pooled thread 171] INFO  c.b.l.BrowserStackRunExtension - junit
14:07:28.760 [ApplicationImpl pooled thread 171] INFO  com.browserstack.utils.Helpers - null
14:07:28.761 [ApplicationImpl pooled thread 171] INFO  c.b.l.BrowserStackRunExtension - Agent path: null
14:08:35.148 [ApplicationImpl pooled thread 183] INFO  c.b.l.BrowserStackRunExtension - junit
14:08:35.148 [ApplicationImpl pooled thread 183] INFO  com.browserstack.utils.Helpers - null
14:08:35.149 [ApplicationImpl pooled thread 183] INFO  c.b.l.BrowserStackRunExtension - Agent path: null
14:49:11.602 [ApplicationImpl pooled thread 203] INFO  c.b.l.BrowserStackRunExtension - junit
14:49:11.602 [ApplicationImpl pooled thread 203] INFO  com.browserstack.utils.Helpers - null
14:49:11.603 [ApplicationImpl pooled thread 203] INFO  c.b.l.BrowserStackRunExtension - Agent path: null
15:10:27.054 [ApplicationImpl pooled thread 229] INFO  c.b.l.BrowserStackRunExtension - junit
15:10:27.054 [ApplicationImpl pooled thread 229] INFO  com.browserstack.utils.Helpers - null
15:10:27.054 [ApplicationImpl pooled thread 229] INFO  c.b.l.BrowserStackRunExtension - Agent path: null
18:21:40.274 [ApplicationImpl pooled thread 40] INFO  c.b.l.BrowserStackRunExtension - junit
18:21:40.276 [ApplicationImpl pooled thread 40] INFO  com.browserstack.utils.Helpers - null
18:21:40.276 [ApplicationImpl pooled thread 40] INFO  c.b.l.BrowserStackRunExtension - Agent path: null
18:22:16.324 [ApplicationImpl pooled thread 34] INFO  c.b.l.BrowserStackRunExtension - cucumber java
18:22:16.324 [ApplicationImpl pooled thread 34] INFO  com.browserstack.utils.Helpers - null
18:22:16.325 [ApplicationImpl pooled thread 34] INFO  c.b.l.BrowserStackRunExtension - Agent path: null
18:36:57.242 [ApplicationImpl pooled thread 44] INFO  c.b.l.BrowserStackRunExtension - junit
18:36:57.242 [ApplicationImpl pooled thread 44] INFO  com.browserstack.utils.Helpers - null
18:36:57.243 [ApplicationImpl pooled thread 44] INFO  c.b.l.BrowserStackRunExtension - Agent path: null
18:49:48.749 [ApplicationImpl pooled thread 133] INFO  c.b.l.BrowserStackRunExtension - junit
18:49:48.749 [ApplicationImpl pooled thread 133] INFO  com.browserstack.utils.Helpers - null
18:49:48.749 [ApplicationImpl pooled thread 133] INFO  c.b.l.BrowserStackRunExtension - Agent path: null
18:51:25.940 [ApplicationImpl pooled thread 110] INFO  c.b.l.BrowserStackRunExtension - junit
18:51:25.940 [ApplicationImpl pooled thread 110] INFO  com.browserstack.utils.Helpers - null
18:51:25.943 [ApplicationImpl pooled thread 110] INFO  c.b.l.BrowserStackRunExtension - Agent path: null
21:53:24.673 [ApplicationImpl pooled thread 35] INFO  c.b.l.BrowserStackRunExtension - junit
21:53:24.675 [ApplicationImpl pooled thread 35] INFO  com.browserstack.utils.Helpers - null
21:53:24.678 [ApplicationImpl pooled thread 35] INFO  c.b.l.BrowserStackRunExtension - Agent path: null
21:58:39.198 [ApplicationImpl pooled thread 43] INFO  c.b.l.BrowserStackRunExtension - junit
21:58:39.198 [ApplicationImpl pooled thread 43] INFO  com.browserstack.utils.Helpers - null
21:58:39.199 [ApplicationImpl pooled thread 43] INFO  c.b.l.BrowserStackRunExtension - Agent path: null
21:58:56.507 [ApplicationImpl pooled thread 33] INFO  c.b.l.BrowserStackRunExtension - junit
21:58:56.507 [ApplicationImpl pooled thread 33] INFO  com.browserstack.utils.Helpers - null
21:58:56.508 [ApplicationImpl pooled thread 33] INFO  c.b.l.BrowserStackRunExtension - Agent path: null
21:59:52.520 [ApplicationImpl pooled thread 46] INFO  c.b.l.BrowserStackRunExtension - junit
21:59:52.520 [ApplicationImpl pooled thread 46] INFO  com.browserstack.utils.Helpers - null
21:59:52.522 [ApplicationImpl pooled thread 46] INFO  c.b.l.BrowserStackRunExtension - Agent path: null
22:08:09.404 [ApplicationImpl pooled thread 55] INFO  c.b.l.BrowserStackRunExtension - junit
22:08:09.404 [ApplicationImpl pooled thread 55] INFO  com.browserstack.utils.Helpers - null
22:08:09.404 [ApplicationImpl pooled thread 55] INFO  c.b.l.BrowserStackRunExtension - Agent path: null
22:08:43.187 [ApplicationImpl pooled thread 56] INFO  c.b.l.BrowserStackRunExtension - junit
22:08:43.187 [ApplicationImpl pooled thread 56] INFO  com.browserstack.utils.Helpers - null
22:08:43.189 [ApplicationImpl pooled thread 56] INFO  c.b.l.BrowserStackRunExtension - Agent path: null
22:09:49.734 [ApplicationImpl pooled thread 59] INFO  c.b.l.BrowserStackRunExtension - junit
22:09:49.734 [ApplicationImpl pooled thread 59] INFO  com.browserstack.utils.Helpers - null
22:09:49.734 [ApplicationImpl pooled thread 59] INFO  c.b.l.BrowserStackRunExtension - Agent path: null
22:12:01.953 [ApplicationImpl pooled thread 72] INFO  c.b.l.BrowserStackRunExtension - junit
22:12:01.953 [ApplicationImpl pooled thread 72] INFO  com.browserstack.utils.Helpers - null
22:12:01.954 [ApplicationImpl pooled thread 72] INFO  c.b.l.BrowserStackRunExtension - Agent path: null
22:12:42.758 [ApplicationImpl pooled thread 70] INFO  c.b.l.BrowserStackRunExtension - junit
22:12:42.758 [ApplicationImpl pooled thread 70] INFO  com.browserstack.utils.Helpers - null
22:12:42.759 [ApplicationImpl pooled thread 70] INFO  c.b.l.BrowserStackRunExtension - Agent path: null
22:21:14.521 [ApplicationImpl pooled thread 93] INFO  c.b.l.BrowserStackRunExtension - testng
22:21:14.522 [ApplicationImpl pooled thread 93] INFO  com.browserstack.utils.Helpers - null
22:21:14.522 [ApplicationImpl pooled thread 93] INFO  c.b.l.BrowserStackRunExtension - Agent path: null
22:22:50.481 [ApplicationImpl pooled thread 92] INFO  c.b.l.BrowserStackRunExtension - testng
22:22:50.481 [ApplicationImpl pooled thread 92] INFO  com.browserstack.utils.Helpers - null
22:22:50.482 [ApplicationImpl pooled thread 92] INFO  c.b.l.BrowserStackRunExtension - Agent path: null
22:23:55.646 [ApplicationImpl pooled thread 89] INFO  c.b.l.BrowserStackRunExtension - testng
22:23:55.646 [ApplicationImpl pooled thread 89] INFO  com.browserstack.utils.Helpers - null
22:23:55.647 [ApplicationImpl pooled thread 89] INFO  c.b.l.BrowserStackRunExtension - Agent path: null
22:26:09.697 [ApplicationImpl pooled thread 74] INFO  c.b.l.BrowserStackRunExtension - testng
22:26:09.697 [ApplicationImpl pooled thread 74] INFO  com.browserstack.utils.Helpers - null
22:26:09.697 [ApplicationImpl pooled thread 74] INFO  c.b.l.BrowserStackRunExtension - Agent path: null
22:26:24.848 [ApplicationImpl pooled thread 74] INFO  c.b.l.BrowserStackRunExtension - testng
22:26:24.848 [ApplicationImpl pooled thread 74] INFO  com.browserstack.utils.Helpers - null
22:26:24.848 [ApplicationImpl pooled thread 74] INFO  c.b.l.BrowserStackRunExtension - Agent path: null
22:51:22.783 [ApplicationImpl pooled thread 159] INFO  c.b.l.BrowserStackRunExtension - cucumber java
22:51:22.783 [ApplicationImpl pooled thread 159] INFO  com.browserstack.utils.Helpers - null
22:51:22.785 [ApplicationImpl pooled thread 159] INFO  c.b.l.BrowserStackRunExtension - Agent path: null
22:51:50.287 [ApplicationImpl pooled thread 156] INFO  c.b.l.BrowserStackRunExtension - testng
22:51:50.287 [ApplicationImpl pooled thread 156] INFO  com.browserstack.utils.Helpers - null
22:51:50.288 [ApplicationImpl pooled thread 156] INFO  c.b.l.BrowserStackRunExtension - Agent path: null
22:58:58.063 [ApplicationImpl pooled thread 178] INFO  c.b.l.BrowserStackRunExtension - testng
22:58:58.063 [ApplicationImpl pooled thread 178] INFO  com.browserstack.utils.Helpers - null
22:58:58.064 [ApplicationImpl pooled thread 178] INFO  c.b.l.BrowserStackRunExtension - Agent path: null
23:02:48.976 [ApplicationImpl pooled thread 180] INFO  c.b.l.BrowserStackRunExtension - testng
23:02:48.976 [ApplicationImpl pooled thread 180] INFO  com.browserstack.utils.Helpers - null
23:02:48.976 [ApplicationImpl pooled thread 180] INFO  c.b.l.BrowserStackRunExtension - Agent path: null
23:09:54.107 [ApplicationImpl pooled thread 207] INFO  c.b.l.BrowserStackRunExtension - testng
23:09:54.107 [ApplicationImpl pooled thread 207] INFO  com.browserstack.utils.Helpers - null
23:09:54.108 [ApplicationImpl pooled thread 207] INFO  c.b.l.BrowserStackRunExtension - Agent path: null
23:14:25.812 [ApplicationImpl pooled thread 223] INFO  c.b.l.BrowserStackRunExtension - testng
23:14:25.812 [ApplicationImpl pooled thread 223] INFO  com.browserstack.utils.Helpers - null
23:14:25.814 [ApplicationImpl pooled thread 223] INFO  c.b.l.BrowserStackRunExtension - Agent path: null
23:15:03.507 [ApplicationImpl pooled thread 218] INFO  c.b.l.BrowserStackRunExtension - testng
23:15:03.507 [ApplicationImpl pooled thread 218] INFO  com.browserstack.utils.Helpers - null
23:15:03.507 [ApplicationImpl pooled thread 218] INFO  c.b.l.BrowserStackRunExtension - Agent path: null
23:23:19.097 [ApplicationImpl pooled thread 219] INFO  c.b.l.BrowserStackRunExtension - testng
23:23:19.098 [ApplicationImpl pooled thread 219] INFO  com.browserstack.utils.Helpers - null
23:23:19.098 [ApplicationImpl pooled thread 219] INFO  c.b.l.BrowserStackRunExtension - Agent path: null
23:23:31.075 [ApplicationImpl pooled thread 232] INFO  c.b.l.BrowserStackRunExtension - testng
23:23:31.075 [ApplicationImpl pooled thread 232] INFO  com.browserstack.utils.Helpers - null
23:23:31.075 [ApplicationImpl pooled thread 232] INFO  c.b.l.BrowserStackRunExtension - Agent path: null
23:24:41.567 [ApplicationImpl pooled thread 224] INFO  c.b.l.BrowserStackRunExtension - testng
23:24:41.567 [ApplicationImpl pooled thread 224] INFO  com.browserstack.utils.Helpers - null
23:24:41.568 [ApplicationImpl pooled thread 224] INFO  c.b.l.BrowserStackRunExtension - Agent path: null
23:24:50.514 [ApplicationImpl pooled thread 222] INFO  c.b.l.BrowserStackRunExtension - testng
23:24:50.514 [ApplicationImpl pooled thread 222] INFO  com.browserstack.utils.Helpers - null
23:24:50.515 [ApplicationImpl pooled thread 222] INFO  c.b.l.BrowserStackRunExtension - Agent path: null
23:40:58.489 [ApplicationImpl pooled thread 264] INFO  c.b.l.BrowserStackRunExtension - testng
23:40:58.489 [ApplicationImpl pooled thread 264] INFO  com.browserstack.utils.Helpers - null
23:40:58.489 [ApplicationImpl pooled thread 264] INFO  c.b.l.BrowserStackRunExtension - Agent path: null
23:41:12.927 [ApplicationImpl pooled thread 265] INFO  c.b.l.BrowserStackRunExtension - testng
23:41:12.927 [ApplicationImpl pooled thread 265] INFO  com.browserstack.utils.Helpers - null
23:41:12.928 [ApplicationImpl pooled thread 265] INFO  c.b.l.BrowserStackRunExtension - Agent path: null
23:48:39.471 [ApplicationImpl pooled thread 275] INFO  c.b.l.BrowserStackRunExtension - testng
23:48:39.471 [ApplicationImpl pooled thread 275] INFO  com.browserstack.utils.Helpers - null
23:48:39.471 [ApplicationImpl pooled thread 275] INFO  c.b.l.BrowserStackRunExtension - Agent path: null
23:49:31.044 [ApplicationImpl pooled thread 275] INFO  c.b.l.BrowserStackRunExtension - testng
23:49:31.044 [ApplicationImpl pooled thread 275] INFO  com.browserstack.utils.Helpers - null
23:49:31.044 [ApplicationImpl pooled thread 275] INFO  c.b.l.BrowserStackRunExtension - Agent path: null
23:51:06.644 [ApplicationImpl pooled thread 284] INFO  c.b.l.BrowserStackRunExtension - testng
23:51:06.645 [ApplicationImpl pooled thread 284] INFO  com.browserstack.utils.Helpers - null
23:51:06.645 [ApplicationImpl pooled thread 284] INFO  c.b.l.BrowserStackRunExtension - Agent path: null
23:54:42.601 [ApplicationImpl pooled thread 278] INFO  c.b.l.BrowserStackRunExtension - testng
23:54:42.601 [ApplicationImpl pooled thread 278] INFO  com.browserstack.utils.Helpers - null
23:54:42.601 [ApplicationImpl pooled thread 278] INFO  c.b.l.BrowserStackRunExtension - Agent path: null
23:57:05.468 [ApplicationImpl pooled thread 299] INFO  c.b.l.BrowserStackRunExtension - testng
23:57:05.468 [ApplicationImpl pooled thread 299] INFO  com.browserstack.utils.Helpers - null
23:57:05.469 [ApplicationImpl pooled thread 299] INFO  c.b.l.BrowserStackRunExtension - Agent path: null
00:01:05.694 [ApplicationImpl pooled thread 285] INFO  c.b.l.BrowserStackRunExtension - testng
00:01:05.694 [ApplicationImpl pooled thread 285] INFO  com.browserstack.utils.Helpers - null
00:01:05.694 [ApplicationImpl pooled thread 285] INFO  c.b.l.BrowserStackRunExtension - Agent path: null
00:03:50.656 [ApplicationImpl pooled thread 307] INFO  c.b.l.BrowserStackRunExtension - testng
00:03:50.656 [ApplicationImpl pooled thread 307] INFO  com.browserstack.utils.Helpers - null
00:03:50.656 [ApplicationImpl pooled thread 307] INFO  c.b.l.BrowserStackRunExtension - Agent path: null
00:06:42.862 [ApplicationImpl pooled thread 322] INFO  c.b.l.BrowserStackRunExtension - testng
00:06:42.862 [ApplicationImpl pooled thread 322] INFO  com.browserstack.utils.Helpers - null
00:06:42.863 [ApplicationImpl pooled thread 322] INFO  c.b.l.BrowserStackRunExtension - Agent path: null
00:14:12.041 [ApplicationImpl pooled thread 342] INFO  c.b.l.BrowserStackRunExtension - testng
00:14:12.041 [ApplicationImpl pooled thread 342] INFO  com.browserstack.utils.Helpers - null
00:14:12.042 [ApplicationImpl pooled thread 342] INFO  c.b.l.BrowserStackRunExtension - Agent path: null
00:16:57.056 [ApplicationImpl pooled thread 344] INFO  c.b.l.BrowserStackRunExtension - testng
00:16:57.056 [ApplicationImpl pooled thread 344] INFO  com.browserstack.utils.Helpers - null
00:16:57.056 [ApplicationImpl pooled thread 344] INFO  c.b.l.BrowserStackRunExtension - Agent path: null
00:20:26.033 [ApplicationImpl pooled thread 353] INFO  c.b.l.BrowserStackRunExtension - testng
00:20:26.033 [ApplicationImpl pooled thread 353] INFO  com.browserstack.utils.Helpers - null
00:20:26.033 [ApplicationImpl pooled thread 353] INFO  c.b.l.BrowserStackRunExtension - Agent path: null
00:36:57.663 [ApplicationImpl pooled thread 394] INFO  c.b.l.BrowserStackRunExtension - testng
00:36:57.664 [ApplicationImpl pooled thread 394] INFO  com.browserstack.utils.Helpers - null
00:36:57.664 [ApplicationImpl pooled thread 394] INFO  c.b.l.BrowserStackRunExtension - Agent path: null
00:40:07.192 [ApplicationImpl pooled thread 410] INFO  c.b.l.BrowserStackRunExtension - testng
00:40:07.192 [ApplicationImpl pooled thread 410] INFO  com.browserstack.utils.Helpers - null
00:40:07.193 [ApplicationImpl pooled thread 410] INFO  c.b.l.BrowserStackRunExtension - Agent path: null
00:44:03.619 [ApplicationImpl pooled thread 420] INFO  c.b.l.BrowserStackRunExtension - testng
00:44:03.619 [ApplicationImpl pooled thread 420] INFO  com.browserstack.utils.Helpers - null
00:44:03.619 [ApplicationImpl pooled thread 420] INFO  c.b.l.BrowserStackRunExtension - Agent path: null
00:47:21.333 [ApplicationImpl pooled thread 428] INFO  c.b.l.BrowserStackRunExtension - testng
00:47:21.334 [ApplicationImpl pooled thread 428] INFO  com.browserstack.utils.Helpers - null
00:47:21.334 [ApplicationImpl pooled thread 428] INFO  c.b.l.BrowserStackRunExtension - Agent path: null
00:49:07.810 [ApplicationImpl pooled thread 434] INFO  c.b.l.BrowserStackRunExtension - testng
00:49:07.810 [ApplicationImpl pooled thread 434] INFO  com.browserstack.utils.Helpers - null
00:49:07.810 [ApplicationImpl pooled thread 434] INFO  c.b.l.BrowserStackRunExtension - Agent path: null
00:49:37.187 [ApplicationImpl pooled thread 425] INFO  c.b.l.BrowserStackRunExtension - testng
00:49:37.187 [ApplicationImpl pooled thread 425] INFO  com.browserstack.utils.Helpers - null
00:49:37.188 [ApplicationImpl pooled thread 425] INFO  c.b.l.BrowserStackRunExtension - Agent path: null
00:55:08.994 [ApplicationImpl pooled thread 1] INFO  c.b.l.BrowserStackRunExtension - testng
00:55:08.996 [ApplicationImpl pooled thread 1] INFO  com.browserstack.utils.Helpers - null
00:55:08.999 [ApplicationImpl pooled thread 1] INFO  c.b.l.BrowserStackRunExtension - Agent path: null
00:56:50.779 [ApplicationImpl pooled thread 23] INFO  c.b.l.BrowserStackRunExtension - testng
00:56:50.779 [ApplicationImpl pooled thread 23] INFO  com.browserstack.utils.Helpers - null
00:56:50.781 [ApplicationImpl pooled thread 23] INFO  c.b.l.BrowserStackRunExtension - Agent path: null
07:53:19.280 [ApplicationImpl pooled thread 6] INFO  c.b.l.BrowserStackRunExtension - testng
07:53:19.282 [ApplicationImpl pooled thread 6] INFO  com.browserstack.utils.Helpers - null
07:53:19.285 [ApplicationImpl pooled thread 6] INFO  c.b.l.BrowserStackRunExtension - Agent path: null
08:11:47.177 [ApplicationImpl pooled thread 31] INFO  c.b.l.BrowserStackRunExtension - testng
08:11:47.177 [ApplicationImpl pooled thread 31] INFO  com.browserstack.utils.Helpers - null
08:11:47.179 [ApplicationImpl pooled thread 31] INFO  c.b.l.BrowserStackRunExtension - Agent path: null
08:14:58.487 [ApplicationImpl pooled thread 63] INFO  c.b.l.BrowserStackRunExtension - testng
08:14:58.487 [ApplicationImpl pooled thread 63] INFO  com.browserstack.utils.Helpers - null
08:14:58.487 [ApplicationImpl pooled thread 63] INFO  c.b.l.BrowserStackRunExtension - Agent path: null
08:18:54.208 [ApplicationImpl pooled thread 31] INFO  c.b.l.BrowserStackRunExtension - testng
08:18:54.208 [ApplicationImpl pooled thread 31] INFO  com.browserstack.utils.Helpers - null
08:18:54.209 [ApplicationImpl pooled thread 31] INFO  c.b.l.BrowserStackRunExtension - Agent path: null
22:09:16.568 [ApplicationImpl pooled thread 1] INFO  c.b.l.BrowserStackRunExtension - testng
22:09:16.570 [ApplicationImpl pooled thread 1] INFO  com.browserstack.utils.Helpers - null
22:09:16.571 [ApplicationImpl pooled thread 1] INFO  c.b.l.BrowserStackRunExtension - Agent path: null
22:46:03.116 [ApplicationImpl pooled thread 58] INFO  c.b.l.BrowserStackRunExtension - testng
22:46:03.116 [ApplicationImpl pooled thread 58] INFO  com.browserstack.utils.Helpers - null
22:46:03.117 [ApplicationImpl pooled thread 58] INFO  c.b.l.BrowserStackRunExtension - Agent path: null
22:48:58.087 [ApplicationImpl pooled thread 60] INFO  c.b.l.BrowserStackRunExtension - testng
22:48:58.087 [ApplicationImpl pooled thread 60] INFO  com.browserstack.utils.Helpers - null
22:48:58.088 [ApplicationImpl pooled thread 60] INFO  c.b.l.BrowserStackRunExtension - Agent path: null
22:52:37.904 [ApplicationImpl pooled thread 84] INFO  c.b.l.BrowserStackRunExtension - testng
22:52:37.904 [ApplicationImpl pooled thread 84] INFO  com.browserstack.utils.Helpers - null
22:52:37.904 [ApplicationImpl pooled thread 84] INFO  c.b.l.BrowserStackRunExtension - Agent path: null
22:58:38.291 [ApplicationImpl pooled thread 100] INFO  c.b.l.BrowserStackRunExtension - testng
22:58:38.291 [ApplicationImpl pooled thread 100] INFO  com.browserstack.utils.Helpers - null
22:58:38.292 [ApplicationImpl pooled thread 100] INFO  c.b.l.BrowserStackRunExtension - Agent path: null
07:44:19.644 [ApplicationImpl pooled thread 20] INFO  c.b.l.BrowserStackRunExtension - testng
07:44:19.646 [ApplicationImpl pooled thread 20] INFO  com.browserstack.utils.Helpers - null
07:44:19.647 [ApplicationImpl pooled thread 20] INFO  c.b.l.BrowserStackRunExtension - Agent path: null
07:44:49.966 [ApplicationImpl pooled thread 5] INFO  c.b.l.BrowserStackRunExtension - testng
07:44:49.966 [ApplicationImpl pooled thread 5] INFO  com.browserstack.utils.Helpers - null
07:44:49.966 [ApplicationImpl pooled thread 5] INFO  c.b.l.BrowserStackRunExtension - Agent path: null
07:45:19.603 [ApplicationImpl pooled thread 20] INFO  c.b.l.BrowserStackRunExtension - testng
07:45:19.603 [ApplicationImpl pooled thread 20] INFO  com.browserstack.utils.Helpers - null
07:45:19.606 [ApplicationImpl pooled thread 20] INFO  c.b.l.BrowserStackRunExtension - Agent path: null
07:53:46.403 [ApplicationImpl pooled thread 57] INFO  c.b.l.BrowserStackRunExtension - testng
07:53:46.403 [ApplicationImpl pooled thread 57] INFO  com.browserstack.utils.Helpers - null
07:53:46.403 [ApplicationImpl pooled thread 57] INFO  c.b.l.BrowserStackRunExtension - Agent path: null
07:54:06.850 [AWT-EventQueue-0] INFO  c.b.actions.EnableBrowserStack - Setting enable browserstack run update
07:54:06.859 [AWT-EventQueue-0] INFO  c.b.actions.DisableBrowserStack - Setting disable browserstack run update
08:08:07.307 [ApplicationImpl pooled thread 2] INFO  c.b.l.BrowserStackRunExtension - testng
08:08:07.308 [ApplicationImpl pooled thread 2] INFO  com.browserstack.utils.Helpers - null
08:08:07.309 [ApplicationImpl pooled thread 2] INFO  c.b.l.BrowserStackRunExtension - Agent path: null
08:09:35.537 [ApplicationImpl pooled thread 12] INFO  c.b.l.BrowserStackRunExtension - testng
08:09:35.537 [ApplicationImpl pooled thread 12] INFO  com.browserstack.utils.Helpers - null
08:09:35.538 [ApplicationImpl pooled thread 12] INFO  c.b.l.BrowserStackRunExtension - Agent path: null
08:14:58.435 [ApplicationImpl pooled thread 32] INFO  c.b.l.BrowserStackRunExtension - cucumber java
08:14:58.435 [ApplicationImpl pooled thread 32] INFO  com.browserstack.utils.Helpers - null
08:14:58.437 [ApplicationImpl pooled thread 32] INFO  c.b.l.BrowserStackRunExtension - Agent path: null
08:15:07.473 [ApplicationImpl pooled thread 28] INFO  c.b.l.BrowserStackRunExtension - testng
08:15:07.473 [ApplicationImpl pooled thread 28] INFO  com.browserstack.utils.Helpers - null
08:15:07.474 [ApplicationImpl pooled thread 28] INFO  c.b.l.BrowserStackRunExtension - Agent path: null
22:29:38.401 [ApplicationImpl pooled thread 130] INFO  c.b.l.BrowserStackRunExtension - testng
22:29:38.401 [ApplicationImpl pooled thread 130] INFO  com.browserstack.utils.Helpers - null
22:29:38.401 [ApplicationImpl pooled thread 130] INFO  c.b.l.BrowserStackRunExtension - Agent path: null
22:34:55.107 [ApplicationImpl pooled thread 155] INFO  c.b.l.BrowserStackRunExtension - testng
22:34:55.107 [ApplicationImpl pooled thread 155] INFO  com.browserstack.utils.Helpers - null
22:34:55.107 [ApplicationImpl pooled thread 155] INFO  c.b.l.BrowserStackRunExtension - Agent path: null
23:19:46.043 [ApplicationImpl pooled thread 214] INFO  c.b.l.BrowserStackRunExtension - testng
23:19:46.043 [ApplicationImpl pooled thread 214] INFO  com.browserstack.utils.Helpers - null
23:19:46.044 [ApplicationImpl pooled thread 214] INFO  c.b.l.BrowserStackRunExtension - Agent path: null
23:21:30.405 [ApplicationImpl pooled thread 221] INFO  c.b.l.BrowserStackRunExtension - testng
23:21:30.406 [ApplicationImpl pooled thread 221] INFO  com.browserstack.utils.Helpers - null
23:21:30.406 [ApplicationImpl pooled thread 221] INFO  c.b.l.BrowserStackRunExtension - Agent path: null
23:22:23.303 [ApplicationImpl pooled thread 221] INFO  c.b.l.BrowserStackRunExtension - testng
23:22:23.303 [ApplicationImpl pooled thread 221] INFO  com.browserstack.utils.Helpers - null
23:22:23.304 [ApplicationImpl pooled thread 221] INFO  c.b.l.BrowserStackRunExtension - Agent path: null
23:27:08.378 [ApplicationImpl pooled thread 236] INFO  c.b.l.BrowserStackRunExtension - testng
23:27:08.378 [ApplicationImpl pooled thread 236] INFO  com.browserstack.utils.Helpers - null
23:27:08.379 [ApplicationImpl pooled thread 236] INFO  c.b.l.BrowserStackRunExtension - Agent path: null
23:33:40.435 [ApplicationImpl pooled thread 244] INFO  c.b.l.BrowserStackRunExtension - testng
23:33:40.435 [ApplicationImpl pooled thread 244] INFO  com.browserstack.utils.Helpers - null
23:33:40.435 [ApplicationImpl pooled thread 244] INFO  c.b.l.BrowserStackRunExtension - Agent path: null
23:38:32.703 [ApplicationImpl pooled thread 247] INFO  c.b.l.BrowserStackRunExtension - testng
23:38:32.703 [ApplicationImpl pooled thread 247] INFO  com.browserstack.utils.Helpers - null
23:38:32.704 [ApplicationImpl pooled thread 247] INFO  c.b.l.BrowserStackRunExtension - Agent path: null
23:40:00.647 [ApplicationImpl pooled thread 258] INFO  c.b.l.BrowserStackRunExtension - testng
23:40:00.647 [ApplicationImpl pooled thread 258] INFO  com.browserstack.utils.Helpers - null
23:40:00.648 [ApplicationImpl pooled thread 258] INFO  c.b.l.BrowserStackRunExtension - Agent path: null
23:45:02.756 [ApplicationImpl pooled thread 266] INFO  c.b.l.BrowserStackRunExtension - testng
23:45:02.757 [ApplicationImpl pooled thread 266] INFO  com.browserstack.utils.Helpers - null
23:45:02.758 [ApplicationImpl pooled thread 266] INFO  c.b.l.BrowserStackRunExtension - Agent path: null
23:50:43.532 [ApplicationImpl pooled thread 283] INFO  c.b.l.BrowserStackRunExtension - testng
23:50:43.532 [ApplicationImpl pooled thread 283] INFO  com.browserstack.utils.Helpers - null
23:50:43.532 [ApplicationImpl pooled thread 283] INFO  c.b.l.BrowserStackRunExtension - Agent path: null
23:55:11.782 [ApplicationImpl pooled thread 289] INFO  c.b.l.BrowserStackRunExtension - testng
23:55:11.782 [ApplicationImpl pooled thread 289] INFO  com.browserstack.utils.Helpers - null
23:55:11.782 [ApplicationImpl pooled thread 289] INFO  c.b.l.BrowserStackRunExtension - Agent path: null
00:00:03.617 [ApplicationImpl pooled thread 295] INFO  c.b.l.BrowserStackRunExtension - testng
00:00:03.617 [ApplicationImpl pooled thread 295] INFO  com.browserstack.utils.Helpers - null
00:00:03.617 [ApplicationImpl pooled thread 295] INFO  c.b.l.BrowserStackRunExtension - Agent path: null
00:05:15.443 [ApplicationImpl pooled thread 298] INFO  c.b.l.BrowserStackRunExtension - testng
00:05:15.443 [ApplicationImpl pooled thread 298] INFO  com.browserstack.utils.Helpers - null
00:05:15.443 [ApplicationImpl pooled thread 298] INFO  c.b.l.BrowserStackRunExtension - Agent path: null
19:50:16.068 [ApplicationImpl pooled thread 60] INFO  c.b.l.BrowserStackRunExtension - testng
19:50:16.069 [ApplicationImpl pooled thread 60] INFO  com.browserstack.utils.Helpers - null
19:50:16.070 [ApplicationImpl pooled thread 60] INFO  c.b.l.BrowserStackRunExtension - Agent path: null
19:52:21.519 [ApplicationImpl pooled thread 39] INFO  c.b.l.BrowserStackRunExtension - testng
19:52:21.519 [ApplicationImpl pooled thread 39] INFO  com.browserstack.utils.Helpers - null
19:52:21.520 [ApplicationImpl pooled thread 39] INFO  c.b.l.BrowserStackRunExtension - Agent path: null
19:59:31.851 [ApplicationImpl pooled thread 70] INFO  c.b.l.BrowserStackRunExtension - testng
19:59:31.852 [ApplicationImpl pooled thread 70] INFO  com.browserstack.utils.Helpers - null
19:59:31.852 [ApplicationImpl pooled thread 70] INFO  c.b.l.BrowserStackRunExtension - Agent path: null
20:00:12.130 [ApplicationImpl pooled thread 70] INFO  c.b.l.BrowserStackRunExtension - testng
20:00:12.130 [ApplicationImpl pooled thread 70] INFO  com.browserstack.utils.Helpers - null
20:00:12.131 [ApplicationImpl pooled thread 70] INFO  c.b.l.BrowserStackRunExtension - Agent path: null
20:02:41.675 [ApplicationImpl pooled thread 61] INFO  c.b.l.BrowserStackRunExtension - testng
20:02:41.675 [ApplicationImpl pooled thread 61] INFO  com.browserstack.utils.Helpers - null
20:02:41.675 [ApplicationImpl pooled thread 61] INFO  c.b.l.BrowserStackRunExtension - Agent path: null
20:30:19.233 [ApplicationImpl pooled thread 151] INFO  c.b.l.BrowserStackRunExtension - testng
20:30:19.233 [ApplicationImpl pooled thread 151] INFO  com.browserstack.utils.Helpers - null
20:30:19.234 [ApplicationImpl pooled thread 151] INFO  c.b.l.BrowserStackRunExtension - Agent path: null
20:31:01.632 [ApplicationImpl pooled thread 150] INFO  c.b.l.BrowserStackRunExtension - testng
20:31:01.632 [ApplicationImpl pooled thread 150] INFO  com.browserstack.utils.Helpers - null
20:31:01.632 [ApplicationImpl pooled thread 150] INFO  c.b.l.BrowserStackRunExtension - Agent path: null
20:31:47.875 [ApplicationImpl pooled thread 150] INFO  c.b.l.BrowserStackRunExtension - testng
20:31:47.875 [ApplicationImpl pooled thread 150] INFO  com.browserstack.utils.Helpers - null
20:31:47.876 [ApplicationImpl pooled thread 150] INFO  c.b.l.BrowserStackRunExtension - Agent path: null
20:35:52.356 [ApplicationImpl pooled thread 165] INFO  c.b.l.BrowserStackRunExtension - testng
20:35:52.357 [ApplicationImpl pooled thread 165] INFO  com.browserstack.utils.Helpers - null
20:35:52.357 [ApplicationImpl pooled thread 165] INFO  c.b.l.BrowserStackRunExtension - Agent path: null
20:36:40.528 [ApplicationImpl pooled thread 149] INFO  c.b.l.BrowserStackRunExtension - testng
20:36:40.528 [ApplicationImpl pooled thread 149] INFO  com.browserstack.utils.Helpers - null
20:36:40.529 [ApplicationImpl pooled thread 149] INFO  c.b.l.BrowserStackRunExtension - Agent path: null
20:37:04.074 [ApplicationImpl pooled thread 151] INFO  c.b.l.BrowserStackRunExtension - testng
20:37:04.074 [ApplicationImpl pooled thread 151] INFO  com.browserstack.utils.Helpers - null
20:37:04.075 [ApplicationImpl pooled thread 151] INFO  c.b.l.BrowserStackRunExtension - Agent path: null
20:40:42.845 [ApplicationImpl pooled thread 175] INFO  c.b.l.BrowserStackRunExtension - testng
20:40:42.845 [ApplicationImpl pooled thread 175] INFO  com.browserstack.utils.Helpers - null
20:40:42.845 [ApplicationImpl pooled thread 175] INFO  c.b.l.BrowserStackRunExtension - Agent path: null
20:43:00.410 [ApplicationImpl pooled thread 171] INFO  c.b.l.BrowserStackRunExtension - testng
20:43:00.410 [ApplicationImpl pooled thread 171] INFO  com.browserstack.utils.Helpers - null
20:43:00.411 [ApplicationImpl pooled thread 171] INFO  c.b.l.BrowserStackRunExtension - Agent path: null
20:57:00.070 [ApplicationImpl pooled thread 210] INFO  c.b.l.BrowserStackRunExtension - testng
20:57:00.070 [ApplicationImpl pooled thread 210] INFO  com.browserstack.utils.Helpers - null
20:57:00.071 [ApplicationImpl pooled thread 210] INFO  c.b.l.BrowserStackRunExtension - Agent path: null
20:57:59.027 [ApplicationImpl pooled thread 208] INFO  c.b.l.BrowserStackRunExtension - testng
20:57:59.027 [ApplicationImpl pooled thread 208] INFO  com.browserstack.utils.Helpers - null
20:57:59.028 [ApplicationImpl pooled thread 208] INFO  c.b.l.BrowserStackRunExtension - Agent path: null
20:59:25.134 [ApplicationImpl pooled thread 151] INFO  c.b.l.BrowserStackRunExtension - testng
20:59:25.134 [ApplicationImpl pooled thread 151] INFO  com.browserstack.utils.Helpers - null
20:59:25.134 [ApplicationImpl pooled thread 151] INFO  c.b.l.BrowserStackRunExtension - Agent path: null
21:03:07.905 [ApplicationImpl pooled thread 219] INFO  c.b.l.BrowserStackRunExtension - testng
21:03:07.905 [ApplicationImpl pooled thread 219] INFO  com.browserstack.utils.Helpers - null
21:03:07.906 [ApplicationImpl pooled thread 219] INFO  c.b.l.BrowserStackRunExtension - Agent path: null
21:15:44.906 [ApplicationImpl pooled thread 237] INFO  c.b.l.BrowserStackRunExtension - testng
21:15:44.906 [ApplicationImpl pooled thread 237] INFO  com.browserstack.utils.Helpers - null
21:15:44.907 [ApplicationImpl pooled thread 237] INFO  c.b.l.BrowserStackRunExtension - Agent path: null
21:17:39.520 [ApplicationImpl pooled thread 249] INFO  c.b.l.BrowserStackRunExtension - testng
21:17:39.520 [ApplicationImpl pooled thread 249] INFO  com.browserstack.utils.Helpers - null
21:17:39.521 [ApplicationImpl pooled thread 249] INFO  c.b.l.BrowserStackRunExtension - Agent path: null
17:27:14.130 [ApplicationImpl pooled thread 21] INFO  c.b.l.BrowserStackRunExtension - testng
17:27:14.132 [ApplicationImpl pooled thread 21] INFO  com.browserstack.utils.Helpers - null
17:27:14.133 [ApplicationImpl pooled thread 21] INFO  c.b.l.BrowserStackRunExtension - Agent path: null
17:28:26.177 [ApplicationImpl pooled thread 21] INFO  c.b.l.BrowserStackRunExtension - testng
17:28:26.177 [ApplicationImpl pooled thread 21] INFO  com.browserstack.utils.Helpers - null
17:28:26.178 [ApplicationImpl pooled thread 21] INFO  c.b.l.BrowserStackRunExtension - Agent path: null
17:41:20.647 [ApplicationImpl pooled thread 54] INFO  c.b.l.BrowserStackRunExtension - testng
17:41:20.647 [ApplicationImpl pooled thread 54] INFO  com.browserstack.utils.Helpers - null
17:41:20.648 [ApplicationImpl pooled thread 54] INFO  c.b.l.BrowserStackRunExtension - Agent path: null
17:42:09.128 [ApplicationImpl pooled thread 61] INFO  c.b.l.BrowserStackRunExtension - testng
17:42:09.128 [ApplicationImpl pooled thread 61] INFO  com.browserstack.utils.Helpers - null
17:42:09.129 [ApplicationImpl pooled thread 61] INFO  c.b.l.BrowserStackRunExtension - Agent path: null
17:44:39.418 [ApplicationImpl pooled thread 62] INFO  c.b.l.BrowserStackRunExtension - testng
17:44:39.419 [ApplicationImpl pooled thread 62] INFO  com.browserstack.utils.Helpers - null
17:44:39.419 [ApplicationImpl pooled thread 62] INFO  c.b.l.BrowserStackRunExtension - Agent path: null
17:48:01.298 [ApplicationImpl pooled thread 72] INFO  c.b.l.BrowserStackRunExtension - testng
17:48:01.298 [ApplicationImpl pooled thread 72] INFO  com.browserstack.utils.Helpers - null
17:48:01.299 [ApplicationImpl pooled thread 72] INFO  c.b.l.BrowserStackRunExtension - Agent path: null
17:52:02.150 [ApplicationImpl pooled thread 67] INFO  c.b.l.BrowserStackRunExtension - testng
17:52:02.150 [ApplicationImpl pooled thread 67] INFO  com.browserstack.utils.Helpers - null
17:52:02.150 [ApplicationImpl pooled thread 67] INFO  c.b.l.BrowserStackRunExtension - Agent path: null
18:00:30.079 [ApplicationImpl pooled thread 96] INFO  c.b.l.BrowserStackRunExtension - testng
18:00:30.079 [ApplicationImpl pooled thread 96] INFO  com.browserstack.utils.Helpers - null
18:00:30.080 [ApplicationImpl pooled thread 96] INFO  c.b.l.BrowserStackRunExtension - Agent path: null
18:01:31.674 [ApplicationImpl pooled thread 103] INFO  c.b.l.BrowserStackRunExtension - testng
18:01:31.674 [ApplicationImpl pooled thread 103] INFO  com.browserstack.utils.Helpers - null
18:01:31.676 [ApplicationImpl pooled thread 103] INFO  c.b.l.BrowserStackRunExtension - Agent path: null
18:02:15.016 [ApplicationImpl pooled thread 108] INFO  c.b.l.BrowserStackRunExtension - testng
18:02:15.016 [ApplicationImpl pooled thread 108] INFO  com.browserstack.utils.Helpers - null
18:02:15.016 [ApplicationImpl pooled thread 108] INFO  c.b.l.BrowserStackRunExtension - Agent path: null
18:05:46.125 [ApplicationImpl pooled thread 108] INFO  c.b.l.BrowserStackRunExtension - testng
18:05:46.125 [ApplicationImpl pooled thread 108] INFO  com.browserstack.utils.Helpers - null
18:05:46.126 [ApplicationImpl pooled thread 108] INFO  c.b.l.BrowserStackRunExtension - Agent path: null
18:10:09.471 [ApplicationImpl pooled thread 125] INFO  c.b.l.BrowserStackRunExtension - testng
18:10:09.471 [ApplicationImpl pooled thread 125] INFO  com.browserstack.utils.Helpers - null
18:10:09.471 [ApplicationImpl pooled thread 125] INFO  c.b.l.BrowserStackRunExtension - Agent path: null
18:11:30.877 [ApplicationImpl pooled thread 125] INFO  c.b.l.BrowserStackRunExtension - testng
18:11:30.877 [ApplicationImpl pooled thread 125] INFO  com.browserstack.utils.Helpers - null
18:11:30.877 [ApplicationImpl pooled thread 125] INFO  c.b.l.BrowserStackRunExtension - Agent path: null
22:26:39.528 [ApplicationImpl pooled thread 3] INFO  c.b.l.BrowserStackRunExtension - testng
22:26:39.530 [ApplicationImpl pooled thread 3] INFO  com.browserstack.utils.Helpers - null
22:26:39.531 [ApplicationImpl pooled thread 3] INFO  c.b.l.BrowserStackRunExtension - Agent path: null
20:32:31.560 [ApplicationImpl pooled thread 227] INFO  c.b.l.BrowserStackRunExtension - testng
20:32:31.560 [ApplicationImpl pooled thread 227] INFO  com.browserstack.utils.Helpers - null
20:32:31.561 [ApplicationImpl pooled thread 227] INFO  c.b.l.BrowserStackRunExtension - Agent path: null
20:33:03.182 [ApplicationImpl pooled thread 221] INFO  c.b.l.BrowserStackRunExtension - testng
20:33:03.182 [ApplicationImpl pooled thread 221] INFO  com.browserstack.utils.Helpers - null
20:33:03.185 [ApplicationImpl pooled thread 221] INFO  c.b.l.BrowserStackRunExtension - Agent path: null
20:33:41.465 [ApplicationImpl pooled thread 226] INFO  c.b.l.BrowserStackRunExtension - testng
20:33:41.465 [ApplicationImpl pooled thread 226] INFO  com.browserstack.utils.Helpers - null
20:33:41.466 [ApplicationImpl pooled thread 226] INFO  c.b.l.BrowserStackRunExtension - Agent path: null
20:35:31.314 [ApplicationImpl pooled thread 227] INFO  c.b.l.BrowserStackRunExtension - testng
20:35:31.314 [ApplicationImpl pooled thread 227] INFO  com.browserstack.utils.Helpers - null
20:35:31.314 [ApplicationImpl pooled thread 227] INFO  c.b.l.BrowserStackRunExtension - Agent path: null
20:36:13.259 [ApplicationImpl pooled thread 224] INFO  c.b.l.BrowserStackRunExtension - testng
20:36:13.259 [ApplicationImpl pooled thread 224] INFO  com.browserstack.utils.Helpers - null
20:36:13.259 [ApplicationImpl pooled thread 224] INFO  c.b.l.BrowserStackRunExtension - Agent path: null
20:44:29.603 [ApplicationImpl pooled thread 249] INFO  c.b.l.BrowserStackRunExtension - testng
20:44:29.603 [ApplicationImpl pooled thread 249] INFO  com.browserstack.utils.Helpers - null
20:44:29.603 [ApplicationImpl pooled thread 249] INFO  c.b.l.BrowserStackRunExtension - Agent path: null
20:47:48.008 [ApplicationImpl pooled thread 257] INFO  c.b.l.BrowserStackRunExtension - cucumber java
20:47:48.008 [ApplicationImpl pooled thread 257] INFO  com.browserstack.utils.Helpers - null
20:47:48.009 [ApplicationImpl pooled thread 257] INFO  c.b.l.BrowserStackRunExtension - Agent path: null
20:48:07.016 [ApplicationImpl pooled thread 261] INFO  c.b.l.BrowserStackRunExtension - cucumber java
20:48:07.016 [ApplicationImpl pooled thread 261] INFO  com.browserstack.utils.Helpers - null
20:48:07.017 [ApplicationImpl pooled thread 261] INFO  c.b.l.BrowserStackRunExtension - Agent path: null
20:48:56.368 [ApplicationImpl pooled thread 267] INFO  c.b.l.BrowserStackRunExtension - cucumber java
20:48:56.368 [ApplicationImpl pooled thread 267] INFO  com.browserstack.utils.Helpers - null
20:48:56.370 [ApplicationImpl pooled thread 267] INFO  c.b.l.BrowserStackRunExtension - Agent path: null
20:49:07.885 [ApplicationImpl pooled thread 269] INFO  c.b.l.BrowserStackRunExtension - testng
20:49:07.885 [ApplicationImpl pooled thread 269] INFO  com.browserstack.utils.Helpers - null
20:49:07.886 [ApplicationImpl pooled thread 269] INFO  c.b.l.BrowserStackRunExtension - Agent path: null
20:51:39.248 [ApplicationImpl pooled thread 274] INFO  c.b.l.BrowserStackRunExtension - cucumber java
20:51:39.248 [ApplicationImpl pooled thread 274] INFO  com.browserstack.utils.Helpers - null
20:51:39.249 [ApplicationImpl pooled thread 274] INFO  c.b.l.BrowserStackRunExtension - Agent path: null
20:52:29.614 [ApplicationImpl pooled thread 275] INFO  c.b.l.BrowserStackRunExtension - cucumber java
20:52:29.614 [ApplicationImpl pooled thread 275] INFO  com.browserstack.utils.Helpers - null
20:52:29.615 [ApplicationImpl pooled thread 275] INFO  c.b.l.BrowserStackRunExtension - Agent path: null
20:53:07.491 [ApplicationImpl pooled thread 270] INFO  c.b.l.BrowserStackRunExtension - testng
20:53:07.491 [ApplicationImpl pooled thread 270] INFO  com.browserstack.utils.Helpers - null
20:53:07.492 [ApplicationImpl pooled thread 270] INFO  c.b.l.BrowserStackRunExtension - Agent path: null
20:57:35.242 [ApplicationImpl pooled thread 275] INFO  c.b.l.BrowserStackRunExtension - testng
20:57:35.242 [ApplicationImpl pooled thread 275] INFO  com.browserstack.utils.Helpers - null
20:57:35.243 [ApplicationImpl pooled thread 275] INFO  c.b.l.BrowserStackRunExtension - Agent path: null
21:02:17.772 [ApplicationImpl pooled thread 288] INFO  c.b.l.BrowserStackRunExtension - testng
21:02:17.772 [ApplicationImpl pooled thread 288] INFO  com.browserstack.utils.Helpers - null
21:02:17.773 [ApplicationImpl pooled thread 288] INFO  c.b.l.BrowserStackRunExtension - Agent path: null
21:03:18.690 [ApplicationImpl pooled thread 283] INFO  c.b.l.BrowserStackRunExtension - testng
21:03:18.690 [ApplicationImpl pooled thread 283] INFO  com.browserstack.utils.Helpers - null
21:03:18.691 [ApplicationImpl pooled thread 283] INFO  c.b.l.BrowserStackRunExtension - Agent path: null
21:06:22.698 [ApplicationImpl pooled thread 298] INFO  c.b.l.BrowserStackRunExtension - testng
21:06:22.698 [ApplicationImpl pooled thread 298] INFO  com.browserstack.utils.Helpers - null
21:06:22.698 [ApplicationImpl pooled thread 298] INFO  c.b.l.BrowserStackRunExtension - Agent path: null
21:08:52.961 [ApplicationImpl pooled thread 300] INFO  c.b.l.BrowserStackRunExtension - testng
21:08:52.961 [ApplicationImpl pooled thread 300] INFO  com.browserstack.utils.Helpers - null
21:08:52.962 [ApplicationImpl pooled thread 300] INFO  c.b.l.BrowserStackRunExtension - Agent path: null
21:45:43.397 [ApplicationImpl pooled thread 315] INFO  c.b.l.BrowserStackRunExtension - cucumber java
21:45:43.397 [ApplicationImpl pooled thread 315] INFO  com.browserstack.utils.Helpers - null
21:45:43.399 [ApplicationImpl pooled thread 315] INFO  c.b.l.BrowserStackRunExtension - Agent path: null
21:45:58.756 [ApplicationImpl pooled thread 315] INFO  c.b.l.BrowserStackRunExtension - cucumber java
21:45:58.756 [ApplicationImpl pooled thread 315] INFO  com.browserstack.utils.Helpers - null
21:45:58.758 [ApplicationImpl pooled thread 315] INFO  c.b.l.BrowserStackRunExtension - Agent path: null
21:46:28.099 [ApplicationImpl pooled thread 318] INFO  c.b.l.BrowserStackRunExtension - testng
21:46:28.099 [ApplicationImpl pooled thread 318] INFO  com.browserstack.utils.Helpers - null
21:46:28.100 [ApplicationImpl pooled thread 318] INFO  c.b.l.BrowserStackRunExtension - Agent path: null
21:51:21.584 [ApplicationImpl pooled thread 326] INFO  c.b.l.BrowserStackRunExtension - testng
21:51:21.584 [ApplicationImpl pooled thread 326] INFO  com.browserstack.utils.Helpers - null
21:51:21.585 [ApplicationImpl pooled thread 326] INFO  c.b.l.BrowserStackRunExtension - Agent path: null
21:52:53.115 [ApplicationImpl pooled thread 321] INFO  c.b.l.BrowserStackRunExtension - testng
21:52:53.115 [ApplicationImpl pooled thread 321] INFO  com.browserstack.utils.Helpers - null
21:52:53.116 [ApplicationImpl pooled thread 321] INFO  c.b.l.BrowserStackRunExtension - Agent path: null
22:14:57.654 [ApplicationImpl pooled thread 357] INFO  c.b.l.BrowserStackRunExtension - testng
22:14:57.654 [ApplicationImpl pooled thread 357] INFO  com.browserstack.utils.Helpers - null
22:14:57.654 [ApplicationImpl pooled thread 357] INFO  c.b.l.BrowserStackRunExtension - Agent path: null
22:15:41.453 [ApplicationImpl pooled thread 352] INFO  c.b.l.BrowserStackRunExtension - testng
22:15:41.453 [ApplicationImpl pooled thread 352] INFO  com.browserstack.utils.Helpers - null
22:15:41.453 [ApplicationImpl pooled thread 352] INFO  c.b.l.BrowserStackRunExtension - Agent path: null
22:16:03.788 [ApplicationImpl pooled thread 348] INFO  c.b.l.BrowserStackRunExtension - testng
22:16:03.788 [ApplicationImpl pooled thread 348] INFO  com.browserstack.utils.Helpers - null
22:16:03.789 [ApplicationImpl pooled thread 348] INFO  c.b.l.BrowserStackRunExtension - Agent path: null
22:24:57.700 [ApplicationImpl pooled thread 377] INFO  c.b.l.BrowserStackRunExtension - testng
22:24:57.701 [ApplicationImpl pooled thread 377] INFO  com.browserstack.utils.Helpers - null
22:24:57.703 [ApplicationImpl pooled thread 377] INFO  c.b.l.BrowserStackRunExtension - Agent path: null
23:02:05.447 [ApplicationImpl pooled thread 402] INFO  c.b.l.BrowserStackRunExtension - cucumber java
23:02:05.448 [ApplicationImpl pooled thread 402] INFO  com.browserstack.utils.Helpers - null
23:02:05.449 [ApplicationImpl pooled thread 402] INFO  c.b.l.BrowserStackRunExtension - Agent path: null
23:03:29.207 [ApplicationImpl pooled thread 393] INFO  c.b.l.BrowserStackRunExtension - testng
23:03:29.208 [ApplicationImpl pooled thread 393] INFO  com.browserstack.utils.Helpers - null
23:03:29.208 [ApplicationImpl pooled thread 393] INFO  c.b.l.BrowserStackRunExtension - Agent path: null
23:04:20.690 [ApplicationImpl pooled thread 385] INFO  c.b.l.BrowserStackRunExtension - testng
23:04:20.690 [ApplicationImpl pooled thread 385] INFO  com.browserstack.utils.Helpers - null
23:04:20.691 [ApplicationImpl pooled thread 385] INFO  c.b.l.BrowserStackRunExtension - Agent path: null
23:05:14.433 [ApplicationImpl pooled thread 409] INFO  c.b.l.BrowserStackRunExtension - testng
23:05:14.434 [ApplicationImpl pooled thread 409] INFO  com.browserstack.utils.Helpers - null
23:05:14.434 [ApplicationImpl pooled thread 409] INFO  c.b.l.BrowserStackRunExtension - Agent path: null
23:05:26.934 [ApplicationImpl pooled thread 393] INFO  c.b.l.BrowserStackRunExtension - testng
23:05:26.934 [ApplicationImpl pooled thread 393] INFO  com.browserstack.utils.Helpers - null
23:05:26.935 [ApplicationImpl pooled thread 393] INFO  c.b.l.BrowserStackRunExtension - Agent path: null
23:05:50.424 [ApplicationImpl pooled thread 402] INFO  c.b.l.BrowserStackRunExtension - testng
23:05:50.424 [ApplicationImpl pooled thread 402] INFO  com.browserstack.utils.Helpers - null
23:05:50.425 [ApplicationImpl pooled thread 402] INFO  c.b.l.BrowserStackRunExtension - Agent path: null
23:07:07.695 [ApplicationImpl pooled thread 393] INFO  c.b.l.BrowserStackRunExtension - testng
23:07:07.695 [ApplicationImpl pooled thread 393] INFO  com.browserstack.utils.Helpers - null
23:07:07.696 [ApplicationImpl pooled thread 393] INFO  c.b.l.BrowserStackRunExtension - Agent path: null
23:27:00.939 [ApplicationImpl pooled thread 468] INFO  c.b.l.BrowserStackRunExtension - testng
23:27:00.939 [ApplicationImpl pooled thread 468] INFO  com.browserstack.utils.Helpers - null
23:27:00.940 [ApplicationImpl pooled thread 468] INFO  c.b.l.BrowserStackRunExtension - Agent path: null
23:27:08.485 [ApplicationImpl pooled thread 475] INFO  c.b.l.BrowserStackRunExtension - testng
23:27:08.485 [ApplicationImpl pooled thread 475] INFO  com.browserstack.utils.Helpers - null
23:27:08.486 [ApplicationImpl pooled thread 475] INFO  c.b.l.BrowserStackRunExtension - Agent path: null
23:28:34.536 [ApplicationImpl pooled thread 464] INFO  c.b.l.BrowserStackRunExtension - testng
23:28:34.536 [ApplicationImpl pooled thread 464] INFO  com.browserstack.utils.Helpers - null
23:28:34.537 [ApplicationImpl pooled thread 464] INFO  c.b.l.BrowserStackRunExtension - Agent path: null
23:30:11.850 [ApplicationImpl pooled thread 470] INFO  c.b.l.BrowserStackRunExtension - testng
23:30:11.850 [ApplicationImpl pooled thread 470] INFO  com.browserstack.utils.Helpers - null
23:30:11.850 [ApplicationImpl pooled thread 470] INFO  c.b.l.BrowserStackRunExtension - Agent path: null
23:31:17.298 [ApplicationImpl pooled thread 473] INFO  c.b.l.BrowserStackRunExtension - testng
23:31:17.298 [ApplicationImpl pooled thread 473] INFO  com.browserstack.utils.Helpers - null
23:31:17.298 [ApplicationImpl pooled thread 473] INFO  c.b.l.BrowserStackRunExtension - Agent path: null
